iteration 10 cindex 0.593853
iteration 20 cindex 0.617018
iteration 30 cindex 0.617731
iteration 40 cindex 0.613640
iteration 50 cindex 0.611525
iteration 60 cindex 0.607711
iteration 70 cindex 0.606531
iteration 80 cindex 0.607085
iteration 90 cindex 0.608819
iteration 100 cindex 0.610115
iteration 110 cindex 0.610338
iteration 120 cindex 0.609853
iteration 130 cindex 0.609091
iteration 140 cindex 0.608483
iteration 150 cindex 0.608862
iteration 160 cindex 0.609752
iteration 170 cindex 0.610556
iteration 180 cindex 0.611163
iteration 190 cindex 0.611140
iteration 200 cindex 0.610820
iteration 210 cindex 0.610489
iteration 220 cindex 0.610459
iteration 230 cindex 0.610530
iteration 240 cindex 0.610718
iteration 250 cindex 0.611299
iteration 260 cindex 0.611325
iteration 270 cindex 0.611244
iteration 280 cindex 0.611309
iteration 290 cindex 0.611483
iteration 300 cindex 0.611710
iteration 310 cindex 0.611961
iteration 320 cindex 0.612045
iteration 330 cindex 0.612057
iteration 340 cindex 0.611998
iteration 350 cindex 0.611923
iteration 360 cindex 0.611827
iteration 370 cindex 0.611708
iteration 380 cindex 0.611539
iteration 390 cindex 0.611431
iteration 400 cindex 0.611299
iteration 410 cindex 0.611178
iteration 420 cindex 0.611054
iteration 430 cindex 0.610881
iteration 440 cindex 0.610822
iteration 450 cindex 0.610735
iteration 460 cindex 0.610671
iteration 470 cindex 0.610628
iteration 480 cindex 0.610576
iteration 490 cindex 0.610435
iteration 500 cindex 0.610287
iteration 510 cindex 0.610188
iteration 520 cindex 0.610088
iteration 530 cindex 0.609988
iteration 540 cindex 0.609906
iteration 550 cindex 0.609796
iteration 560 cindex 0.609751
iteration 570 cindex 0.609616
iteration 580 cindex 0.609549
iteration 590 cindex 0.609483
iteration 600 cindex 0.609377
iteration 610 cindex 0.609285
iteration 620 cindex 0.609172
iteration 630 cindex 0.609039
iteration 640 cindex 0.608926
iteration 650 cindex 0.608814
iteration 660 cindex 0.608704
iteration 670 cindex 0.608667
iteration 680 cindex 0.608639
iteration 690 cindex 0.608593
iteration 700 cindex 0.608518
iteration 710 cindex 0.608456
iteration 720 cindex 0.608361
iteration 730 cindex 0.608236
iteration 740 cindex 0.608133
iteration 750 cindex 0.608030
iteration 760 cindex 0.607937
iteration 770 cindex 0.607848
iteration 780 cindex 0.607739
iteration 790 cindex 0.607666
iteration 800 cindex 0.607581
iteration 810 cindex 0.607554
iteration 820 cindex 0.607447
iteration 830 cindex 0.607337
iteration 840 cindex 0.607251
iteration 850 cindex 0.607085
iteration 860 cindex 0.606996
iteration 870 cindex 0.606874
iteration 880 cindex 0.606819
iteration 890 cindex 0.606719
iteration 900 cindex 0.606570
iteration 910 cindex 0.606507
iteration 920 cindex 0.606416
iteration 930 cindex 0.606371
iteration 940 cindex 0.606282
iteration 950 cindex 0.606072
iteration 960 cindex 0.605928
iteration 970 cindex 0.605826
iteration 980 cindex 0.605650
iteration 990 cindex 0.605558
iteration 1000 cindex 0.605482
