iteration 10 cindex 0.663269
iteration 20 cindex 0.711648
iteration 30 cindex 0.723393
iteration 40 cindex 0.731800
iteration 50 cindex 0.737688
iteration 60 cindex 0.742974
iteration 70 cindex 0.745966
iteration 80 cindex 0.749550
iteration 90 cindex 0.752866
iteration 100 cindex 0.755504
iteration 110 cindex 0.758242
iteration 120 cindex 0.759964
iteration 130 cindex 0.761543
iteration 140 cindex 0.763788
iteration 150 cindex 0.765277
iteration 160 cindex 0.766398
iteration 170 cindex 0.767680
iteration 180 cindex 0.768963
iteration 190 cindex 0.769998
iteration 200 cindex 0.770989
iteration 210 cindex 0.772315
iteration 220 cindex 0.773532
iteration 230 cindex 0.774311
iteration 240 cindex 0.775131
iteration 250 cindex 0.775757
iteration 260 cindex 0.776568
iteration 270 cindex 0.777085
iteration 280 cindex 0.777796
iteration 290 cindex 0.778436
iteration 300 cindex 0.779005
iteration 310 cindex 0.779620
iteration 320 cindex 0.780545
iteration 330 cindex 0.781062
iteration 340 cindex 0.781700
iteration 350 cindex 0.782244
iteration 360 cindex 0.782792
iteration 370 cindex 0.783268
iteration 380 cindex 0.783613
iteration 390 cindex 0.784066
iteration 400 cindex 0.784600
iteration 410 cindex 0.784945
iteration 420 cindex 0.785277
iteration 430 cindex 0.785768
iteration 440 cindex 0.786138
iteration 450 cindex 0.786469
iteration 460 cindex 0.786788
iteration 470 cindex 0.787153
iteration 480 cindex 0.787510
iteration 490 cindex 0.787794
iteration 500 cindex 0.788184
iteration 510 cindex 0.788483
iteration 520 cindex 0.788830
iteration 530 cindex 0.789143
iteration 540 cindex 0.789524
iteration 550 cindex 0.789812
iteration 560 cindex 0.790011
iteration 570 cindex 0.790386
iteration 580 cindex 0.790562
iteration 590 cindex 0.790821
iteration 600 cindex 0.791016
iteration 610 cindex 0.791231
iteration 620 cindex 0.791454
iteration 630 cindex 0.791616
iteration 640 cindex 0.791785
iteration 650 cindex 0.792015
iteration 660 cindex 0.792241
iteration 670 cindex 0.792354
iteration 680 cindex 0.792579
iteration 690 cindex 0.792734
iteration 700 cindex 0.792921
iteration 710 cindex 0.793089
iteration 720 cindex 0.793266
iteration 730 cindex 0.793422
iteration 740 cindex 0.793536
iteration 750 cindex 0.793689
iteration 760 cindex 0.793819
iteration 770 cindex 0.793971
iteration 780 cindex 0.794093
iteration 790 cindex 0.794246
iteration 800 cindex 0.794389
iteration 810 cindex 0.794477
iteration 820 cindex 0.794554
iteration 830 cindex 0.794670
iteration 840 cindex 0.794771
iteration 850 cindex 0.794892
iteration 860 cindex 0.794980
iteration 870 cindex 0.795079
iteration 880 cindex 0.795159
iteration 890 cindex 0.795253
iteration 900 cindex 0.795358
iteration 910 cindex 0.795439
iteration 920 cindex 0.795541
iteration 930 cindex 0.795627
iteration 940 cindex 0.795736
iteration 950 cindex 0.795836
iteration 960 cindex 0.795917
iteration 970 cindex 0.796008
iteration 980 cindex 0.796105
iteration 990 cindex 0.796220
iteration 1000 cindex 0.796333
