iteration 10 cindex 0.662735
iteration 20 cindex 0.705898
iteration 30 cindex 0.712744
iteration 40 cindex 0.718736
iteration 50 cindex 0.722812
iteration 60 cindex 0.725061
iteration 70 cindex 0.725771
iteration 80 cindex 0.726517
iteration 90 cindex 0.727411
iteration 100 cindex 0.727923
iteration 110 cindex 0.727686
iteration 120 cindex 0.727225
iteration 130 cindex 0.726742
iteration 140 cindex 0.726073
iteration 150 cindex 0.725575
iteration 160 cindex 0.725292
iteration 170 cindex 0.725115
iteration 180 cindex 0.725014
iteration 190 cindex 0.724763
iteration 200 cindex 0.724198
iteration 210 cindex 0.723504
iteration 220 cindex 0.722903
iteration 230 cindex 0.722359
iteration 240 cindex 0.722005
iteration 250 cindex 0.721357
iteration 260 cindex 0.720882
iteration 270 cindex 0.720257
iteration 280 cindex 0.719727
iteration 290 cindex 0.719095
iteration 300 cindex 0.718035
iteration 310 cindex 0.717479
iteration 320 cindex 0.716522
iteration 330 cindex 0.715775
iteration 340 cindex 0.714993
iteration 350 cindex 0.714309
iteration 360 cindex 0.713844
iteration 370 cindex 0.713381
iteration 380 cindex 0.712693
iteration 390 cindex 0.712295
iteration 400 cindex 0.711872
iteration 410 cindex 0.711349
iteration 420 cindex 0.710868
iteration 430 cindex 0.710332
iteration 440 cindex 0.709850
iteration 450 cindex 0.709391
iteration 460 cindex 0.709019
iteration 470 cindex 0.708628
iteration 480 cindex 0.708288
iteration 490 cindex 0.707978
iteration 500 cindex 0.707489
iteration 510 cindex 0.707227
iteration 520 cindex 0.706917
iteration 530 cindex 0.706655
iteration 540 cindex 0.706304
iteration 550 cindex 0.706021
iteration 560 cindex 0.705700
iteration 570 cindex 0.705361
iteration 580 cindex 0.705104
iteration 590 cindex 0.704748
iteration 600 cindex 0.704458
iteration 610 cindex 0.704208
iteration 620 cindex 0.703928
iteration 630 cindex 0.703623
iteration 640 cindex 0.703256
iteration 650 cindex 0.703031
iteration 660 cindex 0.702703
iteration 670 cindex 0.702402
iteration 680 cindex 0.702066
iteration 690 cindex 0.701884
iteration 700 cindex 0.701592
iteration 710 cindex 0.701312
iteration 720 cindex 0.701088
iteration 730 cindex 0.700719
iteration 740 cindex 0.700407
iteration 750 cindex 0.700208
iteration 760 cindex 0.699995
iteration 770 cindex 0.699787
iteration 780 cindex 0.699457
iteration 790 cindex 0.699184
iteration 800 cindex 0.699052
iteration 810 cindex 0.698795
iteration 820 cindex 0.698556
iteration 830 cindex 0.698322
iteration 840 cindex 0.698086
iteration 850 cindex 0.697811
iteration 860 cindex 0.697548
iteration 870 cindex 0.697316
iteration 880 cindex 0.697179
iteration 890 cindex 0.696924
iteration 900 cindex 0.696783
iteration 910 cindex 0.696529
iteration 920 cindex 0.696305
iteration 930 cindex 0.696137
iteration 940 cindex 0.695890
iteration 950 cindex 0.695686
iteration 960 cindex 0.695431
iteration 970 cindex 0.695240
iteration 980 cindex 0.695001
iteration 990 cindex 0.694813
iteration 1000 cindex 0.694649
