iteration 10 cindex 0.608983
iteration 20 cindex 0.610992
iteration 30 cindex 0.611169
iteration 40 cindex 0.608733
iteration 50 cindex 0.605724
iteration 60 cindex 0.602474
iteration 70 cindex 0.600202
iteration 80 cindex 0.600718
iteration 90 cindex 0.602775
iteration 100 cindex 0.605638
iteration 110 cindex 0.608682
iteration 120 cindex 0.610531
iteration 130 cindex 0.610590
iteration 140 cindex 0.609639
iteration 150 cindex 0.608448
iteration 160 cindex 0.607973
iteration 170 cindex 0.608234
iteration 180 cindex 0.608970
iteration 190 cindex 0.609821
iteration 200 cindex 0.610290
iteration 210 cindex 0.610815
iteration 220 cindex 0.611232
iteration 230 cindex 0.611282
iteration 240 cindex 0.611678
iteration 250 cindex 0.612158
iteration 260 cindex 0.613142
iteration 270 cindex 0.614007
iteration 280 cindex 0.615099
iteration 290 cindex 0.615767
iteration 300 cindex 0.616087
iteration 310 cindex 0.616384
iteration 320 cindex 0.616707
iteration 330 cindex 0.617132
iteration 340 cindex 0.617575
iteration 350 cindex 0.618080
iteration 360 cindex 0.618538
iteration 370 cindex 0.618802
iteration 380 cindex 0.618757
iteration 390 cindex 0.618769
iteration 400 cindex 0.618775
iteration 410 cindex 0.618883
iteration 420 cindex 0.619102
iteration 430 cindex 0.619449
iteration 440 cindex 0.619778
iteration 450 cindex 0.620180
iteration 460 cindex 0.620345
iteration 470 cindex 0.620469
iteration 480 cindex 0.620677
iteration 490 cindex 0.621045
iteration 500 cindex 0.621430
iteration 510 cindex 0.621811
iteration 520 cindex 0.622226
iteration 530 cindex 0.622689
iteration 540 cindex 0.623145
iteration 550 cindex 0.623391
iteration 560 cindex 0.623545
iteration 570 cindex 0.623804
iteration 580 cindex 0.624140
iteration 590 cindex 0.624394
iteration 600 cindex 0.624737
iteration 610 cindex 0.624917
iteration 620 cindex 0.625113
iteration 630 cindex 0.625235
iteration 640 cindex 0.625331
iteration 650 cindex 0.625566
iteration 660 cindex 0.625782
iteration 670 cindex 0.626093
iteration 680 cindex 0.626273
iteration 690 cindex 0.626577
iteration 700 cindex 0.626834
iteration 710 cindex 0.627189
iteration 720 cindex 0.627502
iteration 730 cindex 0.627841
iteration 740 cindex 0.628146
iteration 750 cindex 0.628347
iteration 760 cindex 0.628510
iteration 770 cindex 0.628738
iteration 780 cindex 0.628917
iteration 790 cindex 0.629112
iteration 800 cindex 0.629188
iteration 810 cindex 0.629447
iteration 820 cindex 0.629650
iteration 830 cindex 0.629689
iteration 840 cindex 0.629796
iteration 850 cindex 0.629964
iteration 860 cindex 0.630166
iteration 870 cindex 0.630322
iteration 880 cindex 0.630572
iteration 890 cindex 0.630826
iteration 900 cindex 0.630995
iteration 910 cindex 0.631239
iteration 920 cindex 0.631416
iteration 930 cindex 0.631548
iteration 940 cindex 0.631816
iteration 950 cindex 0.632112
iteration 960 cindex 0.632352
iteration 970 cindex 0.632591
iteration 980 cindex 0.632724
iteration 990 cindex 0.632830
iteration 1000 cindex 0.632938
